<?xml version="1.0" encoding="UTF-8"?>
<testsuite xmlns:xsi="http://www.w3.org/2001/XMLSchema-instance" xsi:noNamespaceSchemaLocation="https://maven.apache.org/surefire/maven-surefire-plugin/xsd/surefire-test-report.xsd" name="com.sweetshop.domain.SweetTest" time="0" tests="3" errors="0" skipped="0" failures="2">
  <properties>
[...]
</properties>
  <testcase name="shouldCreateSweetWithValidDetails" classname="com.sweetshop.domain.SweetTest" time="0"/>
  <testcase name="shouldNotAllowNegativeQuantity" classname="com.sweetshop.domain.SweetTest" time="0">
    <failure message="Expected exception: java.lang.IllegalArgumentException" type="java.lang.AssertionError">java.lang.AssertionError: Expected exception: java.lang.IllegalArgumentException
</failure>
  </testcase>
  <testcase name="shouldNotAllowNegativePrice" classname="com.sweetshop.domain.SweetTest" time="0">
    <failure message="Expected exception: java.lang.IllegalArgumentException" type="java.lang.AssertionError">java.lang.AssertionError: Expected exception: java.lang.IllegalArgumentException
</failure>
  </testcase>
</testsuite>